# JRE version: Java(TM) SE Runtime Environment (17.0.1+12) (build 17.0.1+12-LTS-39)
# Java VM: Java HotSpot(TM) 64-Bit Server VM (17.0.1+12-LTS-39, mixed mode, sharing, tiered, compressed oops, compressed class ptrs, g1 gc, linux-amd64)
Heap:
 garbage-first heap   total 189440K, used 15289K [0x0000000083c00000, 0x0000000100000000)
  region size 1024K, 13 young (13312K), 1 survivors (1024K)
 Metaspace       used 1137K, committed 1280K, reserved 1056768K
  class space    used 92K, committed 192K, reserved 1048576K
GC Heap History (20 events):
Event: 0.869 GC heap before
{Heap before GC invocations=7 (full 0):
 garbage-first heap   total 131072K, used 89534K [0x0000000083c00000, 0x0000000100000000)
  region size 1024K, 75 young (76800K), 1 survivors (1024K)
 Metaspace       used 1129K, committed 1280K, reserved 1056768K
  class space    used 92K, committed 192K, reserved 1048576K
}
Event: 0.871 GC heap after
{Heap after GC invocations=8 (full 0):
 garbage-first heap   total 131072K, used 3526K [0x0000000083c00000, 0x0000000100000000)
  region size 1024K, 1 young (1024K), 1 survivors (1024K)
 Metaspace       used 1129K, committed 1280K, reserved 1056768K
  class space    used 92K, committed 192K, reserved 1048576K
}
Event: 0.961 GC heap before
{Heap before GC invocations=8 (full 0):
 garbage-first heap   total 131072K, used 89542K [0x0000000083c00000, 0x0000000100000000)
  region size 1024K, 75 young (76800K), 1 survivors (1024K)
 Metaspace       used 1130K, committed 1280K, reserved 1056768K
  class space    used 92K, committed 192K, reserved 1048576K
}
Event: 0.963 GC heap after
{Heap after GC invocations=9 (full 0):
 garbage-first heap   total 157696K, used 3524K [0x0000000083c00000, 0x0000000100000000)
  region size 1024K, 1 young (1024K), 1 survivors (1024K)
 Metaspace       used 1130K, committed 1280K, reserved 1056768K
  class space    used 92K, committed 192K, reserved 1048576K
}
Event: 1.082 GC heap before
{Heap before GC invocations=9 (full 0):
 garbage-first heap   total 157696K, used 106948K [0x0000000083c00000, 0x0000000100000000)
  region size 1024K, 92 young (94208K), 1 survivors (1024K)
 Metaspace       used 1130K, committed 1280K, reserved 1056768K
  class space    used 92K, committed 192K, reserved 1048576K
}
Event: 1.083 GC heap after
{Heap after GC invocations=10 (full 0):
 garbage-first heap   total 157696K, used 3524K [0x0000000083c00000, 0x0000000100000000)
  region size 1024K, 1 young (1024K), 1 survivors (1024K)
 Metaspace       used 1130K, committed 1280K, reserved 1056768K
  class space    used 92K, committed 192K, reserved 1048576K
}
Event: 1.194 GC heap before
{Heap before GC invocations=10 (full 0):
 garbage-first heap   total 157696K, used 108996K [0x0000000083c00000, 0x0000000100000000)
  region size 1024K, 92 young (94208K), 1 survivors (1024K)
 Metaspace       used 1130K, committed 1280K, reserved 1056768K
  class space    used 92K, committed 192K, reserved 1048576K
}
Event: 1.196 GC heap after
{Heap after GC invocations=11 (full 0):
 garbage-first heap   total 157696K, used 3524K [0x0000000083c00000, 0x0000000100000000)
  region size 1024K, 1 young (1024K), 1 survivors (1024K)
 Metaspace       used 1130K, committed 1280K, reserved 1056768K
  class space    used 92K, committed 192K, reserved 1048576K
}
Event: 1.306 GC heap before
{Heap before GC invocations=11 (full 0):
 garbage-first heap   total 157696K, used 108996K [0x0000000083c00000, 0x0000000100000000)
  region size 1024K, 92 young (94208K), 1 survivors (1024K)
 Metaspace       used 1131K, committed 1280K, reserved 1056768K
  class space    used 92K, committed 192K, reserved 1048576K
}
Event: 1.308 GC heap after
{Heap after GC invocations=12 (full 0):
 garbage-first heap   total 157696K, used 3524K [0x0000000083c00000, 0x0000000100000000)
  region size 1024K, 1 young (1024K), 1 survivors (1024K)
 Metaspace       used 1131K, committed 1280K, reserved 1056768K
  class space    used 92K, committed 192K, reserved 1048576K
}
Event: 1.419 GC heap before
{Heap before GC invocations=12 (full 0):
 garbage-first heap   total 157696K, used 106948K [0x0000000083c00000, 0x0000000100000000)
  region size 1024K, 92 young (94208K), 1 survivors (1024K)
 Metaspace       used 1131K, committed 1280K, reserved 1056768K
  class space    used 92K, committed 192K, reserved 1048576K
}
Event: 1.421 GC heap after
{Heap after GC invocations=13 (full 0):
 garbage-first heap   total 189440K, used 3524K [0x0000000083c00000, 0x0000000100000000)
  region size 1024K, 1 young (1024K), 1 survivors (1024K)
 Metaspace       used 1131K, committed 1280K, reserved 1056768K
  class space    used 92K, committed 192K, reserved 1048576K
}
Event: 1.563 GC heap before
{Heap before GC invocations=13 (full 0):
 garbage-first heap   total 189440K, used 130500K [0x0000000083c00000, 0x0000000100000000)
  region size 1024K, 111 young (113664K), 1 survivors (1024K)
 Metaspace       used 1132K, committed 1280K, reserved 1056768K
  class space    used 92K, committed 192K, reserved 1048576K
}
Event: 1.565 GC heap after
{Heap after GC invocations=14 (full 0):
 garbage-first heap   total 189440K, used 3523K [0x0000000083c00000, 0x0000000100000000)
  region size 1024K, 1 young (1024K), 1 survivors (1024K)
 Metaspace       used 1132K, committed 1280K, reserved 1056768K
  class space    used 92K, committed 192K, reserved 1048576K
}
Event: 1.701 GC heap before
{Heap before GC invocations=14 (full 0):
 garbage-first heap   total 189440K, used 130499K [0x0000000083c00000, 0x0000000100000000)
  region size 1024K, 111 young (113664K), 1 survivors (1024K)
 Metaspace       used 1132K, committed 1280K, reserved 1056768K
  class space    used 92K, committed 192K, reserved 1048576K
}
Event: 1.703 GC heap after
{Heap after GC invocations=15 (full 0):
 garbage-first heap   total 189440K, used 3524K [0x0000000083c00000, 0x0000000100000000)
  region size 1024K, 1 young (1024K), 1 survivors (1024K)
 Metaspace       used 1132K, committed 1280K, reserved 1056768K
  class space    used 92K, committed 192K, reserved 1048576K
}
Event: 1.839 GC heap before
{Heap before GC invocations=15 (full 0):
 garbage-first heap   total 189440K, used 130500K [0x0000000083c00000, 0x0000000100000000)
  region size 1024K, 111 young (113664K), 1 survivors (1024K)
 Metaspace       used 1132K, committed 1280K, reserved 1056768K
  class space    used 92K, committed 192K, reserved 1048576K
}
Event: 1.841 GC heap after
{Heap after GC invocations=16 (full 0):
 garbage-first heap   total 189440K, used 3523K [0x0000000083c00000, 0x0000000100000000)
  region size 1024K, 1 young (1024K), 1 survivors (1024K)
 Metaspace       used 1132K, committed 1280K, reserved 1056768K
  class space    used 92K, committed 192K, reserved 1048576K
}
Event: 1.977 GC heap before
{Heap before GC invocations=16 (full 0):
 garbage-first heap   total 189440K, used 130499K [0x0000000083c00000, 0x0000000100000000)
  region size 1024K, 111 young (113664K), 1 survivors (1024K)
 Metaspace       used 1132K, committed 1280K, reserved 1056768K
  class space    used 92K, committed 192K, reserved 1048576K
}
Event: 1.978 GC heap after
{Heap after GC invocations=17 (full 0):
 garbage-first heap   total 189440K, used 3513K [0x0000000083c00000, 0x0000000100000000)
  region size 1024K, 1 young (1024K), 1 survivors (1024K)
 Metaspace       used 1132K, committed 1280K, reserved 1056768K
  class space    used 92K, committed 192K, reserved 1048576K
}

